2022-02-03 10:01:00 INFO [org.apache.kafka.clients.consumer.ConsumerConfig] - ConsumerConfig values: 
	metric.reporters = []
	metadata.max.age.ms = 300000
	partition.assignment.strategy = [org.apache.kafka.clients.consumer.RangeAssignor]
	reconnect.backoff.ms = 50
	sasl.kerberos.ticket.renew.window.factor = 0.8
	max.partition.fetch.bytes = 1048576
	bootstrap.servers = [epm-001:23010]
	ssl.keystore.type = JKS
	enable.auto.commit = true
	sasl.mechanism = GSSAPI
	interceptor.classes = null
	exclude.internal.topics = true
	ssl.truststore.password = null
	client.id = 
	ssl.endpoint.identification.algorithm = null
	max.poll.records = 2147483647
	check.crcs = true
	request.timeout.ms = 40000
	heartbeat.interval.ms = 3000
	auto.commit.interval.ms = 1000
	receive.buffer.bytes = 65536
	ssl.truststore.type = JKS
	ssl.truststore.location = null
	ssl.keystore.password = null
	fetch.min.bytes = 1
	send.buffer.bytes = 131072
	value.deserializer = class org.apache.kafka.common.serialization.StringDeserializer
	group.id = oidev-pj1
	retry.backoff.ms = 100
	sasl.kerberos.kinit.cmd = /usr/bin/kinit
	sasl.kerberos.service.name = null
	sasl.kerberos.ticket.renew.jitter = 0.05
	ssl.trustmanager.algorithm = PKIX
	ssl.key.password = null
	fetch.max.wait.ms = 500
	sasl.kerberos.min.time.before.relogin = 60000
	connections.max.idle.ms = 540000
	session.timeout.ms = 30000
	metrics.num.samples = 2
	key.deserializer = class org.apache.kafka.common.serialization.StringDeserializer
	ssl.protocol = TLS
	ssl.provider = null
	ssl.enabled.protocols = [TLSv1.2, TLSv1.1, TLSv1]
	ssl.keystore.location = null
	ssl.cipher.suites = null
	security.protocol = PLAINTEXT
	ssl.keymanager.algorithm = SunX509
	metrics.sample.window.ms = 30000
	auto.offset.reset = latest

2022-02-03 10:01:00 INFO [org.apache.kafka.clients.consumer.ConsumerConfig] - ConsumerConfig values: 
	metric.reporters = []
	metadata.max.age.ms = 300000
	partition.assignment.strategy = [org.apache.kafka.clients.consumer.RangeAssignor]
	reconnect.backoff.ms = 50
	sasl.kerberos.ticket.renew.window.factor = 0.8
	max.partition.fetch.bytes = 1048576
	bootstrap.servers = [epm-001:23010]
	ssl.keystore.type = JKS
	enable.auto.commit = true
	sasl.mechanism = GSSAPI
	interceptor.classes = null
	exclude.internal.topics = true
	ssl.truststore.password = null
	client.id = consumer-1
	ssl.endpoint.identification.algorithm = null
	max.poll.records = 2147483647
	check.crcs = true
	request.timeout.ms = 40000
	heartbeat.interval.ms = 3000
	auto.commit.interval.ms = 1000
	receive.buffer.bytes = 65536
	ssl.truststore.type = JKS
	ssl.truststore.location = null
	ssl.keystore.password = null
	fetch.min.bytes = 1
	send.buffer.bytes = 131072
	value.deserializer = class org.apache.kafka.common.serialization.StringDeserializer
	group.id = oidev-pj1
	retry.backoff.ms = 100
	sasl.kerberos.kinit.cmd = /usr/bin/kinit
	sasl.kerberos.service.name = null
	sasl.kerberos.ticket.renew.jitter = 0.05
	ssl.trustmanager.algorithm = PKIX
	ssl.key.password = null
	fetch.max.wait.ms = 500
	sasl.kerberos.min.time.before.relogin = 60000
	connections.max.idle.ms = 540000
	session.timeout.ms = 30000
	metrics.num.samples = 2
	key.deserializer = class org.apache.kafka.common.serialization.StringDeserializer
	ssl.protocol = TLS
	ssl.provider = null
	ssl.enabled.protocols = [TLSv1.2, TLSv1.1, TLSv1]
	ssl.keystore.location = null
	ssl.cipher.suites = null
	security.protocol = PLAINTEXT
	ssl.keymanager.algorithm = SunX509
	metrics.sample.window.ms = 30000
	auto.offset.reset = latest

2022-02-03 10:01:00 WARN [org.apache.kafka.clients.consumer.ConsumerConfig] - The configuration subscribe.topic = METATRON_DATA was supplied but isn't a known config.
2022-02-03 10:01:00 INFO [org.apache.kafka.common.utils.AppInfoParser] - Kafka version : 0.10.0.0
2022-02-03 10:01:00 INFO [org.apache.kafka.common.utils.AppInfoParser] - Kafka commitId : b8642491e78c5a13
2022-02-03 10:04:50 INFO [org.apache.kafka.clients.consumer.ConsumerConfig] - ConsumerConfig values: 
	metric.reporters = []
	metadata.max.age.ms = 300000
	partition.assignment.strategy = [org.apache.kafka.clients.consumer.RangeAssignor]
	reconnect.backoff.ms = 50
	sasl.kerberos.ticket.renew.window.factor = 0.8
	max.partition.fetch.bytes = 1048576
	bootstrap.servers = [epm-001:23010]
	ssl.keystore.type = JKS
	enable.auto.commit = true
	sasl.mechanism = GSSAPI
	interceptor.classes = null
	exclude.internal.topics = true
	ssl.truststore.password = null
	client.id = 
	ssl.endpoint.identification.algorithm = null
	max.poll.records = 2147483647
	check.crcs = true
	request.timeout.ms = 40000
	heartbeat.interval.ms = 3000
	auto.commit.interval.ms = 1000
	receive.buffer.bytes = 65536
	ssl.truststore.type = JKS
	ssl.truststore.location = null
	ssl.keystore.password = null
	fetch.min.bytes = 1
	send.buffer.bytes = 131072
	value.deserializer = class org.apache.kafka.common.serialization.StringDeserializer
	group.id = oidev-pj1
	retry.backoff.ms = 100
	sasl.kerberos.kinit.cmd = /usr/bin/kinit
	sasl.kerberos.service.name = null
	sasl.kerberos.ticket.renew.jitter = 0.05
	ssl.trustmanager.algorithm = PKIX
	ssl.key.password = null
	fetch.max.wait.ms = 500
	sasl.kerberos.min.time.before.relogin = 60000
	connections.max.idle.ms = 540000
	session.timeout.ms = 30000
	metrics.num.samples = 2
	key.deserializer = class org.apache.kafka.common.serialization.StringDeserializer
	ssl.protocol = TLS
	ssl.provider = null
	ssl.enabled.protocols = [TLSv1.2, TLSv1.1, TLSv1]
	ssl.keystore.location = null
	ssl.cipher.suites = null
	security.protocol = PLAINTEXT
	ssl.keymanager.algorithm = SunX509
	metrics.sample.window.ms = 30000
	auto.offset.reset = latest

2022-02-03 10:04:50 INFO [org.apache.kafka.clients.consumer.ConsumerConfig] - ConsumerConfig values: 
	metric.reporters = []
	metadata.max.age.ms = 300000
	partition.assignment.strategy = [org.apache.kafka.clients.consumer.RangeAssignor]
	reconnect.backoff.ms = 50
	sasl.kerberos.ticket.renew.window.factor = 0.8
	max.partition.fetch.bytes = 1048576
	bootstrap.servers = [epm-001:23010]
	ssl.keystore.type = JKS
	enable.auto.commit = true
	sasl.mechanism = GSSAPI
	interceptor.classes = null
	exclude.internal.topics = true
	ssl.truststore.password = null
	client.id = consumer-1
	ssl.endpoint.identification.algorithm = null
	max.poll.records = 2147483647
	check.crcs = true
	request.timeout.ms = 40000
	heartbeat.interval.ms = 3000
	auto.commit.interval.ms = 1000
	receive.buffer.bytes = 65536
	ssl.truststore.type = JKS
	ssl.truststore.location = null
	ssl.keystore.password = null
	fetch.min.bytes = 1
	send.buffer.bytes = 131072
	value.deserializer = class org.apache.kafka.common.serialization.StringDeserializer
	group.id = oidev-pj1
	retry.backoff.ms = 100
	sasl.kerberos.kinit.cmd = /usr/bin/kinit
	sasl.kerberos.service.name = null
	sasl.kerberos.ticket.renew.jitter = 0.05
	ssl.trustmanager.algorithm = PKIX
	ssl.key.password = null
	fetch.max.wait.ms = 500
	sasl.kerberos.min.time.before.relogin = 60000
	connections.max.idle.ms = 540000
	session.timeout.ms = 30000
	metrics.num.samples = 2
	key.deserializer = class org.apache.kafka.common.serialization.StringDeserializer
	ssl.protocol = TLS
	ssl.provider = null
	ssl.enabled.protocols = [TLSv1.2, TLSv1.1, TLSv1]
	ssl.keystore.location = null
	ssl.cipher.suites = null
	security.protocol = PLAINTEXT
	ssl.keymanager.algorithm = SunX509
	metrics.sample.window.ms = 30000
	auto.offset.reset = latest

2022-02-03 10:04:50 WARN [org.apache.kafka.clients.consumer.ConsumerConfig] - The configuration subscribe.topic = METATRON_DATA was supplied but isn't a known config.
2022-02-03 10:04:50 INFO [org.apache.kafka.common.utils.AppInfoParser] - Kafka version : 0.10.0.0
2022-02-03 10:04:50 INFO [org.apache.kafka.common.utils.AppInfoParser] - Kafka commitId : b8642491e78c5a13
2022-02-03 10:04:51 INFO [org.apache.kafka.clients.consumer.internals.AbstractCoordinator] - Discovered coordinator epm-001:23010 (id: 2147483646 rack: null) for group oidev-pj1.
2022-02-03 10:13:51 INFO [org.apache.kafka.clients.consumer.internals.AbstractCoordinator] - Marking the coordinator epm-001:23010 (id: 2147483646 rack: null) dead for group oidev-pj1
2022-02-03 10:13:51 INFO [org.apache.kafka.clients.consumer.internals.AbstractCoordinator] - Discovered coordinator epm-001:23010 (id: 2147483646 rack: null) for group oidev-pj1.
2022-02-03 10:13:51 INFO [org.apache.kafka.clients.consumer.internals.AbstractCoordinator] - Marking the coordinator epm-001:23010 (id: 2147483646 rack: null) dead for group oidev-pj1
2022-02-03 10:13:51 INFO [org.apache.kafka.clients.consumer.internals.AbstractCoordinator] - Discovered coordinator epm-001:23010 (id: 2147483646 rack: null) for group oidev-pj1.
2022-02-03 10:16:22 INFO [org.apache.kafka.clients.consumer.ConsumerConfig] - ConsumerConfig values: 
	metric.reporters = []
	metadata.max.age.ms = 300000
	partition.assignment.strategy = [org.apache.kafka.clients.consumer.RangeAssignor]
	reconnect.backoff.ms = 50
	sasl.kerberos.ticket.renew.window.factor = 0.8
	max.partition.fetch.bytes = 1048576
	bootstrap.servers = [epm-001:23010]
	ssl.keystore.type = JKS
	enable.auto.commit = true
	sasl.mechanism = GSSAPI
	interceptor.classes = null
	exclude.internal.topics = true
	ssl.truststore.password = null
	client.id = 
	ssl.endpoint.identification.algorithm = null
	max.poll.records = 2147483647
	check.crcs = true
	request.timeout.ms = 40000
	heartbeat.interval.ms = 3000
	auto.commit.interval.ms = 1000
	receive.buffer.bytes = 65536
	ssl.truststore.type = JKS
	ssl.truststore.location = null
	ssl.keystore.password = null
	fetch.min.bytes = 1
	send.buffer.bytes = 131072
	value.deserializer = class org.apache.kafka.common.serialization.StringDeserializer
	group.id = oidev-pj1
	retry.backoff.ms = 100
	sasl.kerberos.kinit.cmd = /usr/bin/kinit
	sasl.kerberos.service.name = null
	sasl.kerberos.ticket.renew.jitter = 0.05
	ssl.trustmanager.algorithm = PKIX
	ssl.key.password = null
	fetch.max.wait.ms = 500
	sasl.kerberos.min.time.before.relogin = 60000
	connections.max.idle.ms = 540000
	session.timeout.ms = 30000
	metrics.num.samples = 2
	key.deserializer = class org.apache.kafka.common.serialization.StringDeserializer
	ssl.protocol = TLS
	ssl.provider = null
	ssl.enabled.protocols = [TLSv1.2, TLSv1.1, TLSv1]
	ssl.keystore.location = null
	ssl.cipher.suites = null
	security.protocol = PLAINTEXT
	ssl.keymanager.algorithm = SunX509
	metrics.sample.window.ms = 30000
	auto.offset.reset = latest

2022-02-03 10:16:22 INFO [org.apache.kafka.clients.consumer.ConsumerConfig] - ConsumerConfig values: 
	metric.reporters = []
	metadata.max.age.ms = 300000
	partition.assignment.strategy = [org.apache.kafka.clients.consumer.RangeAssignor]
	reconnect.backoff.ms = 50
	sasl.kerberos.ticket.renew.window.factor = 0.8
	max.partition.fetch.bytes = 1048576
	bootstrap.servers = [epm-001:23010]
	ssl.keystore.type = JKS
	enable.auto.commit = true
	sasl.mechanism = GSSAPI
	interceptor.classes = null
	exclude.internal.topics = true
	ssl.truststore.password = null
	client.id = consumer-1
	ssl.endpoint.identification.algorithm = null
	max.poll.records = 2147483647
	check.crcs = true
	request.timeout.ms = 40000
	heartbeat.interval.ms = 3000
	auto.commit.interval.ms = 1000
	receive.buffer.bytes = 65536
	ssl.truststore.type = JKS
	ssl.truststore.location = null
	ssl.keystore.password = null
	fetch.min.bytes = 1
	send.buffer.bytes = 131072
	value.deserializer = class org.apache.kafka.common.serialization.StringDeserializer
	group.id = oidev-pj1
	retry.backoff.ms = 100
	sasl.kerberos.kinit.cmd = /usr/bin/kinit
	sasl.kerberos.service.name = null
	sasl.kerberos.ticket.renew.jitter = 0.05
	ssl.trustmanager.algorithm = PKIX
	ssl.key.password = null
	fetch.max.wait.ms = 500
	sasl.kerberos.min.time.before.relogin = 60000
	connections.max.idle.ms = 540000
	session.timeout.ms = 30000
	metrics.num.samples = 2
	key.deserializer = class org.apache.kafka.common.serialization.StringDeserializer
	ssl.protocol = TLS
	ssl.provider = null
	ssl.enabled.protocols = [TLSv1.2, TLSv1.1, TLSv1]
	ssl.keystore.location = null
	ssl.cipher.suites = null
	security.protocol = PLAINTEXT
	ssl.keymanager.algorithm = SunX509
	metrics.sample.window.ms = 30000
	auto.offset.reset = latest

2022-02-03 10:16:22 WARN [org.apache.kafka.clients.consumer.ConsumerConfig] - The configuration subscribe.topic = METATRON_DATA was supplied but isn't a known config.
2022-02-03 10:16:22 INFO [org.apache.kafka.common.utils.AppInfoParser] - Kafka version : 0.10.0.0
2022-02-03 10:16:22 INFO [org.apache.kafka.common.utils.AppInfoParser] - Kafka commitId : b8642491e78c5a13
2022-02-03 10:16:22 INFO [org.apache.kafka.clients.consumer.internals.AbstractCoordinator] - Discovered coordinator epm-001:23010 (id: 2147483646 rack: null) for group oidev-pj1.
2022-02-03 10:18:51 INFO [org.apache.kafka.clients.consumer.ConsumerConfig] - ConsumerConfig values: 
	metric.reporters = []
	metadata.max.age.ms = 300000
	partition.assignment.strategy = [org.apache.kafka.clients.consumer.RangeAssignor]
	reconnect.backoff.ms = 50
	sasl.kerberos.ticket.renew.window.factor = 0.8
	max.partition.fetch.bytes = 1048576
	bootstrap.servers = [epm-001:23010]
	ssl.keystore.type = JKS
	enable.auto.commit = true
	sasl.mechanism = GSSAPI
	interceptor.classes = null
	exclude.internal.topics = true
	ssl.truststore.password = null
	client.id = 
	ssl.endpoint.identification.algorithm = null
	max.poll.records = 2147483647
	check.crcs = true
	request.timeout.ms = 40000
	heartbeat.interval.ms = 3000
	auto.commit.interval.ms = 1000
	receive.buffer.bytes = 65536
	ssl.truststore.type = JKS
	ssl.truststore.location = null
	ssl.keystore.password = null
	fetch.min.bytes = 1
	send.buffer.bytes = 131072
	value.deserializer = class org.apache.kafka.common.serialization.StringDeserializer
	group.id = oidev-pj1
	retry.backoff.ms = 100
	sasl.kerberos.kinit.cmd = /usr/bin/kinit
	sasl.kerberos.service.name = null
	sasl.kerberos.ticket.renew.jitter = 0.05
	ssl.trustmanager.algorithm = PKIX
	ssl.key.password = null
	fetch.max.wait.ms = 500
	sasl.kerberos.min.time.before.relogin = 60000
	connections.max.idle.ms = 540000
	session.timeout.ms = 30000
	metrics.num.samples = 2
	key.deserializer = class org.apache.kafka.common.serialization.StringDeserializer
	ssl.protocol = TLS
	ssl.provider = null
	ssl.enabled.protocols = [TLSv1.2, TLSv1.1, TLSv1]
	ssl.keystore.location = null
	ssl.cipher.suites = null
	security.protocol = PLAINTEXT
	ssl.keymanager.algorithm = SunX509
	metrics.sample.window.ms = 30000
	auto.offset.reset = latest

2022-02-03 10:18:51 INFO [org.apache.kafka.clients.consumer.ConsumerConfig] - ConsumerConfig values: 
	metric.reporters = []
	metadata.max.age.ms = 300000
	partition.assignment.strategy = [org.apache.kafka.clients.consumer.RangeAssignor]
	reconnect.backoff.ms = 50
	sasl.kerberos.ticket.renew.window.factor = 0.8
	max.partition.fetch.bytes = 1048576
	bootstrap.servers = [epm-001:23010]
	ssl.keystore.type = JKS
	enable.auto.commit = true
	sasl.mechanism = GSSAPI
	interceptor.classes = null
	exclude.internal.topics = true
	ssl.truststore.password = null
	client.id = consumer-1
	ssl.endpoint.identification.algorithm = null
	max.poll.records = 2147483647
	check.crcs = true
	request.timeout.ms = 40000
	heartbeat.interval.ms = 3000
	auto.commit.interval.ms = 1000
	receive.buffer.bytes = 65536
	ssl.truststore.type = JKS
	ssl.truststore.location = null
	ssl.keystore.password = null
	fetch.min.bytes = 1
	send.buffer.bytes = 131072
	value.deserializer = class org.apache.kafka.common.serialization.StringDeserializer
	group.id = oidev-pj1
	retry.backoff.ms = 100
	sasl.kerberos.kinit.cmd = /usr/bin/kinit
	sasl.kerberos.service.name = null
	sasl.kerberos.ticket.renew.jitter = 0.05
	ssl.trustmanager.algorithm = PKIX
	ssl.key.password = null
	fetch.max.wait.ms = 500
	sasl.kerberos.min.time.before.relogin = 60000
	connections.max.idle.ms = 540000
	session.timeout.ms = 30000
	metrics.num.samples = 2
	key.deserializer = class org.apache.kafka.common.serialization.StringDeserializer
	ssl.protocol = TLS
	ssl.provider = null
	ssl.enabled.protocols = [TLSv1.2, TLSv1.1, TLSv1]
	ssl.keystore.location = null
	ssl.cipher.suites = null
	security.protocol = PLAINTEXT
	ssl.keymanager.algorithm = SunX509
	metrics.sample.window.ms = 30000
	auto.offset.reset = latest

2022-02-03 10:18:51 WARN [org.apache.kafka.clients.consumer.ConsumerConfig] - The configuration subscribe.topic = METATRON_DATA was supplied but isn't a known config.
2022-02-03 10:18:51 INFO [org.apache.kafka.common.utils.AppInfoParser] - Kafka version : 0.10.0.0
2022-02-03 10:18:51 INFO [org.apache.kafka.common.utils.AppInfoParser] - Kafka commitId : b8642491e78c5a13
2022-02-03 10:20:23 INFO [org.apache.kafka.clients.consumer.internals.AbstractCoordinator] - Discovered coordinator epm-001:23010 (id: 2147483646 rack: null) for group oidev-pj1.
