2021-12-22 10:45:25 INFO [org.oidev.project1.Main] - 로그야로그그
2021-12-22 10:45:26 INFO [aop.LogAdvice] - logAdvice 생성
2021-12-22 11:27:18 INFO [org.oidev.project1.Main] - 로그야로그그
2021-12-22 11:27:18 INFO [aop.LogAdvice] - logAdvice 생성
2021-12-22 11:27:54 INFO [org.oidev.project1.Main] - 로그야로그그
2021-12-22 11:27:54 INFO [aop.LogAdvice] - logAdvice 생성
2021-12-22 11:28:39 INFO [org.oidev.project1.Main] - 로그야로그그
2021-12-22 11:28:40 INFO [aop.LogAdvice] - logAdvice 생성
2021-12-22 11:30:44 INFO [org.oidev.project1.Main] - 로그야로그그
2021-12-22 11:30:45 INFO [aop.LogAdvice] - logAdvice 생성
2021-12-22 13:00:53 INFO [org.oidev.project1.Main] - 로그야로그그
2021-12-22 13:01:17 INFO [org.oidev.project1.Main] - 로그야로그그
2021-12-22 13:01:17 INFO [aop.LogAdvice] - logAdvice 생성
2021-12-22 15:19:38 INFO [org.oidev.project1.Main] - 로그야로그그
2021-12-22 15:19:38 INFO [aop.LogAdvice] - logAdvice 생성
2021-12-22 15:24:32 INFO [org.oidev.project1.Main] - 로그야로그그
2021-12-22 15:24:32 INFO [aop.LogAdvice] - logAdvice 생성
2021-12-22 15:27:20 INFO [org.oidev.project1.Main] - 로그야로그그
2021-12-22 15:27:20 INFO [aop.LogAdvice] - logAdvice 생성
2021-12-22 15:29:46 INFO [org.oidev.project1.Main] - 로그야로그그
2021-12-22 15:29:47 INFO [aop.LogAdvice] - logAdvice 생성
2021-12-22 15:30:12 INFO [org.oidev.project1.Main] - 로그야로그그
2021-12-22 15:30:12 INFO [aop.LogAdvice] - logAdvice 생성
2021-12-22 15:30:29 INFO [org.oidev.project1.Main] - 로그야로그그
2021-12-22 15:30:30 INFO [aop.LogAdvice] - logAdvice 생성
2021-12-22 15:31:21 INFO [org.oidev.project1.Main] - 로그야로그그
2021-12-22 15:31:21 INFO [aop.LogAdvice] - logAdvice 생성
2021-12-22 15:32:04 INFO [org.oidev.project1.Main] - 로그야로그그
2021-12-22 15:32:05 INFO [aop.LogAdvice] - logAdvice 생성
2021-12-22 15:32:18 INFO [org.oidev.project1.Main] - 로그야로그그
2021-12-22 15:32:18 INFO [aop.LogAdvice] - logAdvice 생성
2021-12-22 15:33:01 INFO [org.oidev.project1.Main] - 로그야로그그
2021-12-22 15:33:01 INFO [aop.LogAdvice] - logAdvice 생성
2021-12-22 15:33:42 INFO [org.oidev.project1.Main] - 로그야로그그
2021-12-22 15:33:42 INFO [aop.LogAdvice] - logAdvice 생성
2021-12-22 15:33:51 INFO [org.oidev.project1.Main] - 로그야로그그
2021-12-22 15:33:52 INFO [aop.LogAdvice] - logAdvice 생성
2021-12-22 15:34:23 INFO [org.oidev.project1.Main] - 로그야로그그
2021-12-22 15:34:23 INFO [aop.LogAdvice] - logAdvice 생성
2021-12-22 15:35:37 INFO [org.oidev.project1.Main] - 로그야로그그
2021-12-22 15:35:38 INFO [aop.LogAdvice] - logAdvice 생성
2021-12-22 15:35:45 INFO [org.oidev.project1.Main] - 로그야로그그
2021-12-22 15:35:45 INFO [aop.LogAdvice] - logAdvice 생성
2021-12-22 15:35:49 INFO [org.oidev.project1.Main] - 로그야로그그
2021-12-22 15:35:49 INFO [aop.LogAdvice] - logAdvice 생성
2021-12-22 15:38:48 INFO [org.oidev.project1.Main] - 로그야로그그
2021-12-22 15:38:48 INFO [aop.LogAdvice] - logAdvice 생성
2021-12-22 15:38:57 INFO [org.oidev.project1.Main] - 로그야로그그
2021-12-22 15:38:58 INFO [aop.LogAdvice] - logAdvice 생성
2021-12-22 15:40:04 INFO [org.oidev.project1.Main] - 로그야로그그
2021-12-22 15:40:04 INFO [aop.LogAdvice] - logAdvice 생성
2021-12-22 15:41:20 INFO [org.oidev.project1.Main] - 로그야로그그
2021-12-22 15:41:20 INFO [aop.LogAdvice] - logAdvice 생성
2021-12-22 15:41:52 INFO [org.oidev.project1.Main] - 로그야로그그
2021-12-22 15:41:53 INFO [aop.LogAdvice] - logAdvice 생성
2021-12-22 15:46:17 INFO [org.oidev.project1.Main] - 로그야로그그
2021-12-22 15:46:32 INFO [org.oidev.project1.Main] - 로그야로그그
2021-12-22 15:49:15 INFO [org.oidev.project1.Main] - 로그야로그그
2021-12-22 15:49:15 WARN [org.springframework.context.support.ClassPathXmlApplicationContext] - Exception encountered during context initialization - cancelling refresh attempt: org.springframework.beans.factory.BeanCreationException: Error creating bean with name 'org.apache.kafka.clients.consumer.KafkaConsumer#0' defined in class path resource [applicationContext.xml]: Cannot resolve reference to bean 'consumerConfig' while setting constructor argument; nested exception is org.springframework.beans.factory.NoSuchBeanDefinitionException: No bean named 'consumerConfig' available
2021-12-22 15:49:15 WARN [org.springframework.context.support.ClassPathXmlApplicationContext] - Exception encountered during context initialization - cancelling refresh attempt: org.springframework.beans.factory.BeanCreationException: Error creating bean with name 'org.apache.kafka.clients.consumer.KafkaConsumer#0' defined in class path resource [applicationContext.xml]: Cannot resolve reference to bean 'consumerConfig' while setting constructor argument; nested exception is org.springframework.beans.factory.NoSuchBeanDefinitionException: No bean named 'consumerConfig' available
2021-12-22 15:50:29 INFO [org.oidev.project1.Main] - 로그야로그그
2021-12-22 16:04:18 INFO [org.oidev.project1.Main] - 로그야로그그
2021-12-22 16:04:18 WARN [org.springframework.context.support.ClassPathXmlApplicationContext] - Exception encountered during context initialization - cancelling refresh attempt: org.springframework.beans.factory.BeanCreationException: Error creating bean with name 'org.apache.kafka.clients.consumer.KafkaConsumer#0' defined in class path resource [applicationContext.xml]: Cannot resolve reference to bean 'consumerConfig' while setting constructor argument; nested exception is org.springframework.beans.factory.NoSuchBeanDefinitionException: No bean named 'consumerConfig' available
2021-12-22 16:04:18 WARN [org.springframework.context.support.ClassPathXmlApplicationContext] - Exception encountered during context initialization - cancelling refresh attempt: org.springframework.beans.factory.BeanCreationException: Error creating bean with name 'org.apache.kafka.clients.consumer.KafkaConsumer#0' defined in class path resource [applicationContext.xml]: Cannot resolve reference to bean 'consumerConfig' while setting constructor argument; nested exception is org.springframework.beans.factory.NoSuchBeanDefinitionException: No bean named 'consumerConfig' available
2021-12-22 16:05:38 INFO [org.oidev.project1.Main] - 로그야로그그
2021-12-22 16:05:38 WARN [org.springframework.context.support.ClassPathXmlApplicationContext] - Exception encountered during context initialization - cancelling refresh attempt: org.springframework.beans.factory.BeanCreationException: Error creating bean with name 'org.apache.kafka.clients.consumer.KafkaConsumer#0' defined in class path resource [applicationContext.xml]: Cannot resolve reference to bean 'consumerConfig' while setting constructor argument; nested exception is org.springframework.beans.factory.NoSuchBeanDefinitionException: No bean named 'consumerConfig' available
2021-12-22 16:05:38 WARN [org.springframework.context.support.ClassPathXmlApplicationContext] - Exception encountered during context initialization - cancelling refresh attempt: org.springframework.beans.factory.BeanCreationException: Error creating bean with name 'org.apache.kafka.clients.consumer.KafkaConsumer#0' defined in class path resource [applicationContext.xml]: Cannot resolve reference to bean 'consumerConfig' while setting constructor argument; nested exception is org.springframework.beans.factory.NoSuchBeanDefinitionException: No bean named 'consumerConfig' available
2021-12-22 16:39:01 INFO [org.oidev.project1.Main] - 로그야로그그
2021-12-22 16:39:02 WARN [org.springframework.context.annotation.AnnotationConfigApplicationContext] - Exception encountered during context initialization - cancelling refresh attempt: org.springframework.beans.factory.BeanCreationException: Error creating bean with name 'getKafkaConsumer' defined in org.oidev.project1.config.ConsumerInit: Bean instantiation via factory method failed; nested exception is org.springframework.beans.BeanInstantiationException: Failed to instantiate [org.apache.kafka.clients.consumer.KafkaConsumer]: Factory method 'getKafkaConsumer' threw exception; nested exception is org.apache.kafka.common.config.ConfigException: Missing required configuration "bootstrap.servers" which has no default value.
2021-12-22 16:39:02 WARN [org.springframework.context.annotation.AnnotationConfigApplicationContext] - Exception encountered during context initialization - cancelling refresh attempt: org.springframework.beans.factory.BeanCreationException: Error creating bean with name 'getKafkaConsumer' defined in org.oidev.project1.config.ConsumerInit: Bean instantiation via factory method failed; nested exception is org.springframework.beans.BeanInstantiationException: Failed to instantiate [org.apache.kafka.clients.consumer.KafkaConsumer]: Factory method 'getKafkaConsumer' threw exception; nested exception is org.apache.kafka.common.config.ConfigException: Missing required configuration "bootstrap.servers" which has no default value.
2021-12-22 16:39:36 INFO [org.oidev.project1.Main] - 로그야로그그
2021-12-22 16:39:36 WARN [org.springframework.context.annotation.AnnotationConfigApplicationContext] - Exception encountered during context initialization - cancelling refresh attempt: org.springframework.beans.factory.BeanCreationException: Error creating bean with name 'getKafkaConsumer' defined in org.oidev.project1.config.ConsumerInit: Bean instantiation via factory method failed; nested exception is org.springframework.beans.BeanInstantiationException: Failed to instantiate [org.apache.kafka.clients.consumer.KafkaConsumer]: Factory method 'getKafkaConsumer' threw exception; nested exception is org.apache.kafka.common.config.ConfigException: Missing required configuration "bootstrap.servers" which has no default value.
2021-12-22 16:39:36 WARN [org.springframework.context.annotation.AnnotationConfigApplicationContext] - Exception encountered during context initialization - cancelling refresh attempt: org.springframework.beans.factory.BeanCreationException: Error creating bean with name 'getKafkaConsumer' defined in org.oidev.project1.config.ConsumerInit: Bean instantiation via factory method failed; nested exception is org.springframework.beans.BeanInstantiationException: Failed to instantiate [org.apache.kafka.clients.consumer.KafkaConsumer]: Factory method 'getKafkaConsumer' threw exception; nested exception is org.apache.kafka.common.config.ConfigException: Missing required configuration "bootstrap.servers" which has no default value.
2021-12-22 16:40:31 INFO [org.oidev.project1.Main] - 로그야로그그
2021-12-22 16:40:31 WARN [org.springframework.context.annotation.AnnotationConfigApplicationContext] - Exception encountered during context initialization - cancelling refresh attempt: org.springframework.beans.factory.BeanCreationException: Error creating bean with name 'getKafkaConsumer' defined in org.oidev.project1.config.ConsumerInit: Bean instantiation via factory method failed; nested exception is org.springframework.beans.BeanInstantiationException: Failed to instantiate [org.apache.kafka.clients.consumer.KafkaConsumer]: Factory method 'getKafkaConsumer' threw exception; nested exception is org.apache.kafka.common.config.ConfigException: Missing required configuration "bootstrap.servers" which has no default value.
2021-12-22 16:40:31 WARN [org.springframework.context.annotation.AnnotationConfigApplicationContext] - Exception encountered during context initialization - cancelling refresh attempt: org.springframework.beans.factory.BeanCreationException: Error creating bean with name 'getKafkaConsumer' defined in org.oidev.project1.config.ConsumerInit: Bean instantiation via factory method failed; nested exception is org.springframework.beans.BeanInstantiationException: Failed to instantiate [org.apache.kafka.clients.consumer.KafkaConsumer]: Factory method 'getKafkaConsumer' threw exception; nested exception is org.apache.kafka.common.config.ConfigException: Missing required configuration "bootstrap.servers" which has no default value.
2021-12-22 16:41:47 INFO [org.oidev.project1.Main] - 로그야로그그
2021-12-22 16:41:47 WARN [org.springframework.context.annotation.AnnotationConfigApplicationContext] - Exception encountered during context initialization - cancelling refresh attempt: org.springframework.beans.factory.BeanCreationException: Error creating bean with name 'getKafkaConsumer' defined in org.oidev.project1.config.ConsumerInit: Bean instantiation via factory method failed; nested exception is org.springframework.beans.BeanInstantiationException: Failed to instantiate [org.apache.kafka.clients.consumer.KafkaConsumer]: Factory method 'getKafkaConsumer' threw exception; nested exception is org.apache.kafka.common.config.ConfigException: Missing required configuration "bootstrap.servers" which has no default value.
2021-12-22 16:41:47 WARN [org.springframework.context.annotation.AnnotationConfigApplicationContext] - Exception encountered during context initialization - cancelling refresh attempt: org.springframework.beans.factory.BeanCreationException: Error creating bean with name 'getKafkaConsumer' defined in org.oidev.project1.config.ConsumerInit: Bean instantiation via factory method failed; nested exception is org.springframework.beans.BeanInstantiationException: Failed to instantiate [org.apache.kafka.clients.consumer.KafkaConsumer]: Factory method 'getKafkaConsumer' threw exception; nested exception is org.apache.kafka.common.config.ConfigException: Missing required configuration "bootstrap.servers" which has no default value.
2021-12-22 16:44:25 INFO [org.oidev.project1.Main] - 로그야로그그
2021-12-22 16:44:25 WARN [org.springframework.context.annotation.AnnotationConfigApplicationContext] - Exception encountered during context initialization - cancelling refresh attempt: org.springframework.beans.factory.BeanCreationException: Error creating bean with name 'getKafkaConsumer' defined in org.oidev.project1.config.ConsumerInit: Bean instantiation via factory method failed; nested exception is org.springframework.beans.BeanInstantiationException: Failed to instantiate [org.apache.kafka.clients.consumer.KafkaConsumer]: Factory method 'getKafkaConsumer' threw exception; nested exception is org.apache.kafka.common.config.ConfigException: Missing required configuration "bootstrap.servers" which has no default value.
2021-12-22 16:44:25 WARN [org.springframework.context.annotation.AnnotationConfigApplicationContext] - Exception encountered during context initialization - cancelling refresh attempt: org.springframework.beans.factory.BeanCreationException: Error creating bean with name 'getKafkaConsumer' defined in org.oidev.project1.config.ConsumerInit: Bean instantiation via factory method failed; nested exception is org.springframework.beans.BeanInstantiationException: Failed to instantiate [org.apache.kafka.clients.consumer.KafkaConsumer]: Factory method 'getKafkaConsumer' threw exception; nested exception is org.apache.kafka.common.config.ConfigException: Missing required configuration "bootstrap.servers" which has no default value.
2021-12-22 16:45:05 INFO [org.oidev.project1.Main] - 로그야로그그
2021-12-22 16:45:06 WARN [org.springframework.context.annotation.AnnotationConfigApplicationContext] - Exception encountered during context initialization - cancelling refresh attempt: org.springframework.beans.factory.BeanCreationException: Error creating bean with name 'getKafkaConsumer' defined in org.oidev.project1.config.ConsumerInit: Bean instantiation via factory method failed; nested exception is org.springframework.beans.BeanInstantiationException: Failed to instantiate [org.apache.kafka.clients.consumer.KafkaConsumer]: Factory method 'getKafkaConsumer' threw exception; nested exception is org.apache.kafka.common.config.ConfigException: Missing required configuration "bootstrap.servers" which has no default value.
2021-12-22 16:45:06 WARN [org.springframework.context.annotation.AnnotationConfigApplicationContext] - Exception encountered during context initialization - cancelling refresh attempt: org.springframework.beans.factory.BeanCreationException: Error creating bean with name 'getKafkaConsumer' defined in org.oidev.project1.config.ConsumerInit: Bean instantiation via factory method failed; nested exception is org.springframework.beans.BeanInstantiationException: Failed to instantiate [org.apache.kafka.clients.consumer.KafkaConsumer]: Factory method 'getKafkaConsumer' threw exception; nested exception is org.apache.kafka.common.config.ConfigException: Missing required configuration "bootstrap.servers" which has no default value.
2021-12-22 16:45:33 WARN [org.springframework.context.annotation.AnnotationConfigApplicationContext] - Exception encountered during context initialization - cancelling refresh attempt: org.springframework.beans.factory.BeanCreationException: Error creating bean with name 'getKafkaConsumer' defined in org.oidev.project1.config.ConsumerInit: Bean instantiation via factory method failed; nested exception is org.springframework.beans.BeanInstantiationException: Failed to instantiate [org.apache.kafka.clients.consumer.KafkaConsumer]: Factory method 'getKafkaConsumer' threw exception; nested exception is org.apache.kafka.common.config.ConfigException: Missing required configuration "bootstrap.servers" which has no default value.
2021-12-22 16:45:33 WARN [org.springframework.context.annotation.AnnotationConfigApplicationContext] - Exception encountered during context initialization - cancelling refresh attempt: org.springframework.beans.factory.BeanCreationException: Error creating bean with name 'getKafkaConsumer' defined in org.oidev.project1.config.ConsumerInit: Bean instantiation via factory method failed; nested exception is org.springframework.beans.BeanInstantiationException: Failed to instantiate [org.apache.kafka.clients.consumer.KafkaConsumer]: Factory method 'getKafkaConsumer' threw exception; nested exception is org.apache.kafka.common.config.ConfigException: Missing required configuration "bootstrap.servers" which has no default value.
2021-12-22 16:45:43 WARN [org.springframework.context.annotation.AnnotationConfigApplicationContext] - Exception encountered during context initialization - cancelling refresh attempt: org.springframework.beans.factory.BeanCreationException: Error creating bean with name 'getKafkaConsumer' defined in org.oidev.project1.config.ConsumerInit: Bean instantiation via factory method failed; nested exception is org.springframework.beans.BeanInstantiationException: Failed to instantiate [org.apache.kafka.clients.consumer.KafkaConsumer]: Factory method 'getKafkaConsumer' threw exception; nested exception is org.apache.kafka.common.config.ConfigException: Missing required configuration "bootstrap.servers" which has no default value.
2021-12-22 16:45:43 WARN [org.springframework.context.annotation.AnnotationConfigApplicationContext] - Exception encountered during context initialization - cancelling refresh attempt: org.springframework.beans.factory.BeanCreationException: Error creating bean with name 'getKafkaConsumer' defined in org.oidev.project1.config.ConsumerInit: Bean instantiation via factory method failed; nested exception is org.springframework.beans.BeanInstantiationException: Failed to instantiate [org.apache.kafka.clients.consumer.KafkaConsumer]: Factory method 'getKafkaConsumer' threw exception; nested exception is org.apache.kafka.common.config.ConfigException: Missing required configuration "bootstrap.servers" which has no default value.
2021-12-22 16:45:49 WARN [org.springframework.context.annotation.AnnotationConfigApplicationContext] - Exception encountered during context initialization - cancelling refresh attempt: org.springframework.beans.factory.BeanCreationException: Error creating bean with name 'getKafkaConsumer' defined in org.oidev.project1.config.ConsumerInit: Bean instantiation via factory method failed; nested exception is org.springframework.beans.BeanInstantiationException: Failed to instantiate [org.apache.kafka.clients.consumer.KafkaConsumer]: Factory method 'getKafkaConsumer' threw exception; nested exception is org.apache.kafka.common.config.ConfigException: Missing required configuration "bootstrap.servers" which has no default value.
2021-12-22 16:45:49 WARN [org.springframework.context.annotation.AnnotationConfigApplicationContext] - Exception encountered during context initialization - cancelling refresh attempt: org.springframework.beans.factory.BeanCreationException: Error creating bean with name 'getKafkaConsumer' defined in org.oidev.project1.config.ConsumerInit: Bean instantiation via factory method failed; nested exception is org.springframework.beans.BeanInstantiationException: Failed to instantiate [org.apache.kafka.clients.consumer.KafkaConsumer]: Factory method 'getKafkaConsumer' threw exception; nested exception is org.apache.kafka.common.config.ConfigException: Missing required configuration "bootstrap.servers" which has no default value.
2021-12-22 16:49:06 WARN [org.springframework.context.annotation.AnnotationConfigApplicationContext] - Exception encountered during context initialization - cancelling refresh attempt: org.springframework.beans.factory.BeanCreationException: Error creating bean with name 'getKafkaConsumer' defined in org.oidev.project1.config.ConsumerInit: Bean instantiation via factory method failed; nested exception is org.springframework.beans.BeanInstantiationException: Failed to instantiate [org.apache.kafka.clients.consumer.KafkaConsumer]: Factory method 'getKafkaConsumer' threw exception; nested exception is org.apache.kafka.common.config.ConfigException: Missing required configuration "bootstrap.servers" which has no default value.
2021-12-22 16:49:06 WARN [org.springframework.context.annotation.AnnotationConfigApplicationContext] - Exception encountered during context initialization - cancelling refresh attempt: org.springframework.beans.factory.BeanCreationException: Error creating bean with name 'getKafkaConsumer' defined in org.oidev.project1.config.ConsumerInit: Bean instantiation via factory method failed; nested exception is org.springframework.beans.BeanInstantiationException: Failed to instantiate [org.apache.kafka.clients.consumer.KafkaConsumer]: Factory method 'getKafkaConsumer' threw exception; nested exception is org.apache.kafka.common.config.ConfigException: Missing required configuration "bootstrap.servers" which has no default value.
2021-12-22 16:49:34 WARN [org.springframework.context.annotation.AnnotationConfigApplicationContext] - Exception encountered during context initialization - cancelling refresh attempt: org.springframework.beans.factory.BeanCreationException: Error creating bean with name 'kafkaConsumerConfig' defined in file [/Users/yura/works/oidevProject1/target/classes/org/oidev/project1/config/KafkaConsumerConfig.class]: Instantiation of bean failed; nested exception is org.springframework.beans.BeanInstantiationException: Failed to instantiate [org.oidev.project1.config.ConsumerInit$$EnhancerBySpringCGLIB$$ec3b25ba]: Constructor threw exception; nested exception is java.lang.NullPointerException
2021-12-22 16:49:34 WARN [org.springframework.context.annotation.AnnotationConfigApplicationContext] - Exception encountered during context initialization - cancelling refresh attempt: org.springframework.beans.factory.BeanCreationException: Error creating bean with name 'kafkaConsumerConfig' defined in file [/Users/yura/works/oidevProject1/target/classes/org/oidev/project1/config/KafkaConsumerConfig.class]: Instantiation of bean failed; nested exception is org.springframework.beans.BeanInstantiationException: Failed to instantiate [org.oidev.project1.config.ConsumerInit$$EnhancerBySpringCGLIB$$ec3b25ba]: Constructor threw exception; nested exception is java.lang.NullPointerException
2021-12-22 16:53:40 WARN [org.springframework.context.annotation.AnnotationConfigApplicationContext] - Exception encountered during context initialization - cancelling refresh attempt: org.springframework.beans.factory.BeanCreationException: Error creating bean with name 'kafkaConsumerConfig' defined in file [/Users/yura/works/oidevProject1/target/classes/org/oidev/project1/config/KafkaConsumerConfig.class]: Instantiation of bean failed; nested exception is org.springframework.beans.BeanInstantiationException: Failed to instantiate [org.oidev.project1.config.ConsumerInit$$EnhancerBySpringCGLIB$$ec3b25ba]: Constructor threw exception; nested exception is java.lang.NullPointerException
2021-12-22 16:53:40 WARN [org.springframework.context.annotation.AnnotationConfigApplicationContext] - Exception encountered during context initialization - cancelling refresh attempt: org.springframework.beans.factory.BeanCreationException: Error creating bean with name 'kafkaConsumerConfig' defined in file [/Users/yura/works/oidevProject1/target/classes/org/oidev/project1/config/KafkaConsumerConfig.class]: Instantiation of bean failed; nested exception is org.springframework.beans.BeanInstantiationException: Failed to instantiate [org.oidev.project1.config.ConsumerInit$$EnhancerBySpringCGLIB$$ec3b25ba]: Constructor threw exception; nested exception is java.lang.NullPointerException
